Determining if the pthread_create exist failed with the following output:
Change Dir: /home/dyc/Downloads/wk/build/CMakeFiles/CMakeTmp

Run Build Command:"/usr/bin/make" "cmTC_c8173/fast"
/usr/bin/make -f CMakeFiles/cmTC_c8173.dir/build.make CMakeFiles/cmTC_c8173.dir/build
make[1]: Entering directory '/home/dyc/Downloads/wk/build/CMakeFiles/CMakeTmp'
Building C object CMakeFiles/cmTC_c8173.dir/CheckSymbolExists.c.o
/usr/bin/cc     -o CMakeFiles/cmTC_c8173.dir/CheckSymbolExists.c.o   -c /home/dyc/Downloads/wk/build/CMakeFiles/CMakeTmp/CheckSymbolExists.c
Linking C executable cmTC_c8173
/usr/bin/cmake -E cmake_link_script CMakeFiles/cmTC_c8173.dir/link.txt --verbose=1
/usr/bin/cc       CMakeFiles/cmTC_c8173.dir/CheckSymbolExists.c.o  -o cmTC_c8173 -rdynamic 
CMakeFiles/cmTC_c8173.dir/CheckSymbolExists.c.o: In function `main':
CheckSymbolExists.c:(.text+0x16): undefined reference to `pthread_create'
collect2: error: ld returned 1 exit status
CMakeFiles/cmTC_c8173.dir/build.make:97: recipe for target 'cmTC_c8173' failed
make[1]: *** [cmTC_c8173] Error 1
make[1]: Leaving directory '/home/dyc/Downloads/wk/build/CMakeFiles/CMakeTmp'
Makefile:126: recipe for target 'cmTC_c8173/fast' failed
make: *** [cmTC_c8173/fast] Error 2

File /home/dyc/Downloads/wk/build/CMakeFiles/CMakeTmp/CheckSymbolExists.c:
/* */
#include <pthread.h>

int main(int argc, char** argv)
{
  (void)argv;
#ifndef pthread_create
  return ((int*)(&pthread_create))[argc];
#else
  (void)argc;
  return 0;
#endif
}

Determining if the function pthread_create exists in the pthreads failed with the following output:
Change Dir: /home/dyc/Downloads/wk/build/CMakeFiles/CMakeTmp

Run Build Command:"/usr/bin/make" "cmTC_b8076/fast"
/usr/bin/make -f CMakeFiles/cmTC_b8076.dir/build.make CMakeFiles/cmTC_b8076.dir/build
make[1]: Entering directory '/home/dyc/Downloads/wk/build/CMakeFiles/CMakeTmp'
Building C object CMakeFiles/cmTC_b8076.dir/CheckFunctionExists.c.o
/usr/bin/cc    -DCHECK_FUNCTION_EXISTS=pthread_create   -o CMakeFiles/cmTC_b8076.dir/CheckFunctionExists.c.o   -c /usr/share/cmake-3.5/Modules/CheckFunctionExists.c
Linking C executable cmTC_b8076
/usr/bin/cmake -E cmake_link_script CMakeFiles/cmTC_b8076.dir/link.txt --verbose=1
/usr/bin/cc   -DCHECK_FUNCTION_EXISTS=pthread_create    CMakeFiles/cmTC_b8076.dir/CheckFunctionExists.c.o  -o cmTC_b8076 -rdynamic -lpthreads 
/usr/bin/ld: cannot find -lpthreads
collect2: error: ld returned 1 exit status
CMakeFiles/cmTC_b8076.dir/build.make:97: recipe for target 'cmTC_b8076' failed
make[1]: *** [cmTC_b8076] Error 1
make[1]: Leaving directory '/home/dyc/Downloads/wk/build/CMakeFiles/CMakeTmp'
Makefile:126: recipe for target 'cmTC_b8076/fast' failed
make: *** [cmTC_b8076/fast] Error 2


Performing C SOURCE FILE Test CMAKE_HAVE_LIBC_PTHREAD failed with the following output:
Change Dir: /home/dyc/Downloads/wk/build/CMakeFiles/CMakeTmp

Run Build Command(s):/usr/bin/make cmTC_ef357/fast && /usr/bin/make  -f CMakeFiles/cmTC_ef357.dir/build.make CMakeFiles/cmTC_ef357.dir/build
make[1]: Entering directory '/home/dyc/Downloads/wk/build/CMakeFiles/CMakeTmp'
Building C object CMakeFiles/cmTC_ef357.dir/src.c.o
/usr/bin/cc -DCMAKE_HAVE_LIBC_PTHREAD   -o CMakeFiles/cmTC_ef357.dir/src.c.o -c /home/dyc/Downloads/wk/build/CMakeFiles/CMakeTmp/src.c
Linking C executable cmTC_ef357
/home/dyc/Downloads/clion-2021.1/bin/cmake/linux/bin/cmake -E cmake_link_script CMakeFiles/cmTC_ef357.dir/link.txt --verbose=1
/usr/bin/cc -rdynamic CMakeFiles/cmTC_ef357.dir/src.c.o -o cmTC_ef357 
CMakeFiles/cmTC_ef357.dir/src.c.o: In function `main':
src.c:(.text+0x3c): undefined reference to `pthread_create'
src.c:(.text+0x48): undefined reference to `pthread_detach'
src.c:(.text+0x54): undefined reference to `pthread_cancel'
src.c:(.text+0x65): undefined reference to `pthread_join'
src.c:(.text+0x79): undefined reference to `pthread_atfork'
collect2: error: ld returned 1 exit status
CMakeFiles/cmTC_ef357.dir/build.make:105: recipe for target 'cmTC_ef357' failed
make[1]: *** [cmTC_ef357] Error 1
make[1]: Leaving directory '/home/dyc/Downloads/wk/build/CMakeFiles/CMakeTmp'
Makefile:140: recipe for target 'cmTC_ef357/fast' failed
make: *** [cmTC_ef357/fast] Error 2


Source file was:
#include <pthread.h>

static void* test_func(void* data)
{
  return data;
}

int main(void)
{
  pthread_t thread;
  pthread_create(&thread, NULL, test_func, NULL);
  pthread_detach(thread);
  pthread_cancel(thread);
  pthread_join(thread, NULL);
  pthread_atfork(NULL, NULL, NULL);
  pthread_exit(NULL);

  return 0;
}

